<?xml version="1.0" encoding="UTF-8"?>
<testng-results ignored="0" total="1" passed="1" failed="0" skipped="0">
  <reporter-output>
    <line>
      <![CDATA[createContactTest is pass]]>
    </line>
  </reporter-output>
  <suite started-at="2022-06-24T08:01:13 IST" name="Default suite" finished-at="2022-06-24T08:01:55 IST" duration-ms="41410">
    <groups>
    </groups>
    <test started-at="2022-06-24T08:01:13 IST" name="Default test" finished-at="2022-06-24T08:01:55 IST" duration-ms="41410">
      <class name="com.crm.createContacts.CreateContactsTest">
        <test-method is-config="true" signature="dbConfig()[pri:0, instance:com.crm.createContacts.CreateContactsTest@434a63ab]" started-at="2022-06-24T08:01:13 IST" name="dbConfig" finished-at="2022-06-24T08:01:13 IST" duration-ms="10" status="PASS">
          <reporter-output>
          </reporter-output>
        </test-method> <!-- dbConfig -->
        <test-method is-config="true" signature="launchTheBrowser()[pri:0, instance:com.crm.createContacts.CreateContactsTest@434a63ab]" started-at="2022-06-24T08:01:14 IST" name="launchTheBrowser" finished-at="2022-06-24T08:01:20 IST" duration-ms="6001" status="PASS">
          <reporter-output>
          </reporter-output>
        </test-method> <!-- launchTheBrowser -->
        <test-method is-config="true" signature="loginToAppln()[pri:0, instance:com.crm.createContacts.CreateContactsTest@434a63ab]" started-at="2022-06-24T08:01:20 IST" name="loginToAppln" finished-at="2022-06-24T08:01:28 IST" duration-ms="7631" status="PASS">
          <reporter-output>
          </reporter-output>
        </test-method> <!-- loginToAppln -->
        <test-method signature="createContactTest()[pri:0, instance:com.crm.createContacts.CreateContactsTest@434a63ab]" started-at="2022-06-24T08:01:28 IST" name="createContactTest" finished-at="2022-06-24T08:01:51 IST" duration-ms="23593" status="PASS">
          <reporter-output>
            <line>
              <![CDATA[createContactTest is pass]]>
            </line>
          </reporter-output>
        </test-method> <!-- createContactTest -->
        <test-method is-config="true" signature="logoutFromAppln()[pri:0, instance:com.crm.createContacts.CreateContactsTest@434a63ab]" started-at="2022-06-24T08:01:51 IST" name="logoutFromAppln" finished-at="2022-06-24T08:01:54 IST" duration-ms="2501" status="PASS">
          <reporter-output>
          </reporter-output>
        </test-method> <!-- logoutFromAppln -->
        <test-method is-config="true" signature="closeTheBrowser()[pri:0, instance:com.crm.createContacts.CreateContactsTest@434a63ab]" started-at="2022-06-24T08:01:54 IST" name="closeTheBrowser" finished-at="2022-06-24T08:01:55 IST" duration-ms="1178" status="PASS">
          <reporter-output>
          </reporter-output>
        </test-method> <!-- closeTheBrowser -->
        <test-method is-config="true" signature="closeDBconfig()[pri:0, instance:com.crm.createContacts.CreateContactsTest@434a63ab]" started-at="2022-06-24T08:01:56 IST" name="closeDBconfig" finished-at="2022-06-24T08:01:56 IST" duration-ms="0" status="PASS">
          <reporter-output>
          </reporter-output>
        </test-method> <!-- closeDBconfig -->
      </class> <!-- com.crm.createContacts.CreateContactsTest -->
    </test> <!-- Default test -->
  </suite> <!-- Default suite -->
</testng-results>
